# JRE version: OpenJDK Runtime Environment (11.0.15+10) (build 11.0.15+10-Ubuntu-0ubuntu0.22.04.1)
# Java VM: OpenJDK 64-Bit Server VM (11.0.15+10-Ubuntu-0ubuntu0.22.04.1, mixed mode, sharing, tiered, compressed oops, g1 gc, linux-amd64)
Heap:
 garbage-first heap   total 129024K, used 54826K [0x0000000085c00000, 0x0000000100000000)
  region size 1024K, 50 young (51200K), 4 survivors (4096K)
 Metaspace       used 28670K, capacity 29728K, committed 30076K, reserved 1075200K
  class space    used 3511K, capacity 3953K, committed 4016K, reserved 1048576K
GC Heap History (6 events):
Event: 0.305 GC heap before
{Heap before GC invocations=0 (full 0):
 garbage-first heap   total 129024K, used 23240K [0x0000000085c00000, 0x0000000100000000)
  region size 1024K, 22 young (22528K), 0 survivors (0K)
 Metaspace       used 6125K, capacity 8122K, committed 8192K, reserved 1056768K
  class space    used 734K, capacity 976K, committed 1024K, reserved 1048576K
}
Event: 0.310 GC heap after
{Heap after GC invocations=1 (full 0):
 garbage-first heap   total 129024K, used 4710K [0x0000000085c00000, 0x0000000100000000)
  region size 1024K, 3 young (3072K), 3 survivors (3072K)
 Metaspace       used 6125K, capacity 8122K, committed 8192K, reserved 1056768K
  class space    used 734K, capacity 976K, committed 1024K, reserved 1048576K
}
Event: 0.877 GC heap before
{Heap before GC invocations=1 (full 0):
 garbage-first heap   total 129024K, used 77414K [0x0000000085c00000, 0x0000000100000000)
  region size 1024K, 74 young (75776K), 3 survivors (3072K)
 Metaspace       used 20043K, capacity 20814K, committed 20992K, reserved 1067008K
  class space    used 2468K, capacity 2756K, committed 2816K, reserved 1048576K
}
Event: 0.884 GC heap after
{Heap after GC invocations=2 (full 0):
 garbage-first heap   total 129024K, used 8412K [0x0000000085c00000, 0x0000000100000000)
  region size 1024K, 7 young (7168K), 7 survivors (7168K)
 Metaspace       used 20043K, capacity 20814K, committed 20992K, reserved 1067008K
  class space    used 2468K, capacity 2756K, committed 2816K, reserved 1048576K
}
Event: 0.905 GC heap before
{Heap before GC invocations=2 (full 0):
 garbage-first heap   total 129024K, used 9436K [0x0000000085c00000, 0x0000000100000000)
  region size 1024K, 9 young (9216K), 7 survivors (7168K)
 Metaspace       used 20343K, capacity 21198K, committed 21296K, reserved 1067008K
  class space    used 2534K, capacity 2864K, committed 2864K, reserved 1048576K
}
Event: 0.912 GC heap after
{Heap after GC invocations=3 (full 0):
 garbage-first heap   total 129024K, used 8746K [0x0000000085c00000, 0x0000000100000000)
  region size 1024K, 4 young (4096K), 4 survivors (4096K)
 Metaspace       used 20343K, capacity 21198K, committed 21296K, reserved 1067008K
  class space    used 2534K, capacity 2864K, committed 2864K, reserved 1048576K
}

